<?xml version="1.0" encoding="UTF-8"?>
<testsuite xmlns:xsi="http://www.w3.org/2001/XMLSchema-instance" xsi:noNamespaceSchemaLocation="https://maven.apache.org/surefire/maven-surefire-plugin/xsd/surefire-test-report-3.0.xsd" version="3.0" name="TestSuite" time="26.289" tests="8" errors="0" skipped="0" failures="0">
  <properties>
[...]
</properties>
  <testcase name="basePageNavigation" classname="Academy.ValidateNavigationBar" time="0.072">
    <system-err><![CDATA[SSStttaaarrrtttiiinnnggg   CCChhhrorrmooemmDeerDDirrveiirvv eerr  999222...000...444555111555...44433 3 ( (8(8c8cc666111bbb777ee2e292989988f992ff9229990990d0d4d4224ff288f5985c59a9cc7ca1ca37c119711331371799811733c7ce7787-78rc7ecfcesc-/rebre-afrnsec/fh-bsh/reanbcrhaa-dhnsec/ah4d-5hs1/e5@a4{d5s1#/534@05{61#}53)@ 0{o6n#} 3)p0o r6to }n38 )8p 5oorn
t O np5lo9y2r 5tl o
1cOa2nl5l 1yc 3olno
nceOaclnt licyo nolsn oancraee lca tllicowooendns.n 
Pealecratseei  asoelnelso whe dta.tr
pePs l:ae/l/aclshoreow mesedde.ri
evP lheetarts.ceh psrseoe:m /i/huctmht.rpoosrm:ge//d/srcehicvruerorim.teycd-hrcrioovnmesirid.uercmaht.rioomoringums/. osrefgc/ousrre icstuuyrg-icgtoyen-ssctioidneosrniasdt eioornn ask tefieoorpn issn uggf goCersh trsiooumngesgD erosinvt ekioernes  posinangf e k.eCeh
prionmge CDhrroimveDerri vsearf sea.fe
.
CCChhhrrrooommmeeeDDDrirrviiervv eewrras   wwstaaassrt  edss tstuaaccrertteed ds sucssucfecuclselssysf.fuu
lllly.y.

Aug 05, 2021 9:18:24 PM org.openqa.selenium.remote.ProtocolHandshake createSession
INFO: Detected dialect: W3C
Aug 05, 2021 9:18:24 PM org.openqa.selenium.remote.ProtocolHandshake createSession
INFO: Detected dialect: W3C
Aug 05, 2021 9:18:24 PM org.openqa.selenium.remote.ProtocolHandshake createSession
INFO: Detected dialect: W3C
]]></system-err>
  </testcase>
  <testcase name="basePageNavigation" classname="Academy.ValidateNavigationBar" time="0.313"/>
  <testcase name="validateAppTitle" classname="Academy.ValidateTitle" time="0.032"/>
  <testcase name="validateAppTitle" classname="Academy.ValidateTitle" time="0.036">
    <system-err><![CDATA[SSttaSarrtttaiirnntggi  nCCg hhCrrhoormmoeemDeDrDririvivevere rr  99922.2.0.0..44515051.54..34 (84c56115b.34 73(e289c (86819bcf27e6921998b90f72de9492290fd884952f9f2c8a95c9907cd1a34c1279f1813351799c71a83c77c77c18e37-1c9rc1eef3-s7r/7eb8fr7sca/ncbecranch-hhea-d-hse/ra4ed5s1/f54s@5/{1b#5r3@0a{6n#}c3h0)-6 h}o)en a odpnso /rp4to5 r13t59 @27{2#2133806

}OO)nnl lyo yn l lopooccraalt l 2 c8co9on1nn8neeccttioi
noOsnn sla yra erl eo acallall oclowowenedn.dec.
tP
ilPoelnaessa esa erse e seea elhl thtotpwtspe:sd/:.//c/
hPcrhloremoaesmdeer disrveiever e.rhct.tchpsr:om//ihucrmho.rmoomrged/rsievcueirr.iutcmyh.-roocrmogin/ussimed.ceourrraittiyo-ncso nfsoird eratisogun/gssg eefcsuotrr iistoyun-gsgc oeonsn stkiidoensra toionn keeping ChromeDriver safe.
s for suggestions on keeping CehreopmienDgr iCvherro mseaDfrei.ve
r safe.
ChromeDriver was started successfully.
ChromeDriver was starCtherdo mseuDcrcievsesr fwualsl ys.ta
rted successfully.
Aug 05, 2021 9:18:36 PM org.openqa.selenium.remote.ProtocolHandshake createSession
INFO: Detected dialect: W3C
Aug 05, 2021 9:18:36 PM org.openqa.selenium.remote.ProtocolHandshake createSession
INFO: Detected dialect: W3C
Aug 05, 2021 9:18:36 PM org.openqa.selenium.remote.ProtocolHandshake createSession
INFO: Detected dialect: W3C
]]></system-err>
  </testcase>
  <testcase name="validateHeader" classname="Academy.ValidateTitle" time="0.04"/>
  <testcase name="validateHeader" classname="Academy.ValidateTitle" time="0.045"/>
  <testcase name="ValidateLogIn[ajit1.biswal@gmail.com, 123](1)" classname="Academy.ValidateHomePage" time="0.851"/>
  <testcase name="ValidateLogIn[ajit1.biswal@gmail.com, 123](2)" classname="Academy.ValidateHomePage" time="2.051"/>
</testsuite>