<?xml version="1.0" encoding="UTF-8"?>
<testsuite xmlns:xsi="http://www.w3.org/2001/XMLSchema-instance" xsi:noNamespaceSchemaLocation="https://maven.apache.org/surefire/maven-surefire-plugin/xsd/surefire-test-report-3.0.xsd" version="3.0" name="TestSuite" time="73.205" tests="8" errors="0" skipped="0" failures="2">
  <properties>
[...]
</properties>
  <testcase name="ValidateLogIn[ajit1.biswal@gmail.com, 123](1)" classname="Academy.ValidateHomePage" time="18.868">
    <failure message="Element &lt;a href=&quot;https://rahulshettyacademy.com/sign_in/&quot;&gt; is not clickable at point (1242,16) because another element &lt;div class=&quot;listbuilder-popup-content&quot;&gt; obscures it&#10;Build info: version: &apos;3.11.0&apos;, revision: &apos;e59cfb3&apos;, time: &apos;2018-03-11T20:26:55.152Z&apos;&#10;System info: host: &apos;LAPTOP-CSB2KRLH&apos;, ip: &apos;192.168.1.6&apos;, os.name: &apos;Windows 10&apos;, os.arch: &apos;amd64&apos;, os.version: &apos;10.0&apos;, java.version: &apos;1.8.0_265&apos;&#10;Driver info: org.openqa.selenium.firefox.FirefoxDriver&#10;Capabilities {acceptInsecureCerts: true, browserName: firefox, browserVersion: 81.0.2, javascriptEnabled: true, moz:accessibilityChecks: false, moz:buildID: 20201012085804, moz:geckodriverVersion: 0.26.0, moz:headless: false, moz:processID: 12608, moz:profile: C:\Users\Ajit\AppData\Local..., moz:shutdownTimeout: 60000, moz:useNonSpecCompliantPointerOrigin: false, moz:webdriverClick: true, pageLoadStrategy: normal, platform: WINDOWS, platformName: WINDOWS, platformVersion: 10.0, rotatable: false, setWindowRect: true, strictFileInteractability: false, timeouts: {implicit: 0, pageLoad: 300000, script: 30000}, unhandledPromptBehavior: dismiss and notify}&#10;Session ID: bfaa42b1-53ff-42e4-89ad-ea760d15edf5" type="org.openqa.selenium.ElementClickInterceptedException"><![CDATA[org.openqa.selenium.ElementClickInterceptedException: 
Element <a href="https://rahulshettyacademy.com/sign_in/"> is not clickable at point (1242,16) because another element <div class="listbuilder-popup-content"> obscures it
Build info: version: '3.11.0', revision: 'e59cfb3', time: '2018-03-11T20:26:55.152Z'
System info: host: 'LAPTOP-CSB2KRLH', ip: '192.168.1.6', os.name: 'Windows 10', os.arch: 'amd64', os.version: '10.0', java.version: '1.8.0_265'
Driver info: org.openqa.selenium.firefox.FirefoxDriver
Capabilities {acceptInsecureCerts: true, browserName: firefox, browserVersion: 81.0.2, javascriptEnabled: true, moz:accessibilityChecks: false, moz:buildID: 20201012085804, moz:geckodriverVersion: 0.26.0, moz:headless: false, moz:processID: 12608, moz:profile: C:\Users\Ajit\AppData\Local..., moz:shutdownTimeout: 60000, moz:useNonSpecCompliantPointerOrigin: false, moz:webdriverClick: true, pageLoadStrategy: normal, platform: WINDOWS, platformName: WINDOWS, platformVersion: 10.0, rotatable: false, setWindowRect: true, strictFileInteractability: false, timeouts: {implicit: 0, pageLoad: 300000, script: 30000}, unhandledPromptBehavior: dismiss and notify}
Session ID: bfaa42b1-53ff-42e4-89ad-ea760d15edf5
	at Academy.ValidateHomePage.ValidateLogIn(ValidateHomePage.java:37)
]]></failure>
    <system-err><![CDATA[11166655533377711140445004554220099		momzorz4urnu2nnenre:r0::r9:u	rnumnnoenzrer	rI	uINnNFnFOeO	r	R:Ruun:nnnriiunnnggn  eccroo	mmImmaNnaFdnO:d	 R:"u Cn":nC\:i\\nP\grP orcgoorgmarmmaa mnF diF:il le"eCss:\\\\\\MMPoorzzoiiglrlallmaa   FFFiiilrreesef\fo\oxM\x\\ofziirlelfa\o xfF.eiixrreee"f fo"ox-x.m\ea\xrfieio"nr e"et-ftmeoaxr".i eo"n-eftorteegx"r oe"u"-nf do""r -e"mg-arnrooiunod-n"e rt"e-tmneoo"t- er""e- mf"oot-rep"er go"rf-oipulrneod"f" i" lC"e:"-\n \o"UCs-:er\re\smU\os\tAeejri"st \\"\\-AApjprpiotDf\ai\tleaA"\\L oc"aCl:\\\\TUesmepr\sp\p\\DrAajutisatt\\_\\LAmopocpzaDplar\o\tTafe\impl\e\\gr6LuwoshctFa_Qlm"\o
\zTpermopfi\l\erJHuKsxtu_gm"oz
profileDHXwQc"
Can't find symbol 'eglSwapBuffersWithDamageEXT'.
Can't find symbol 'eglSwapBuffersWithDamageEXT'.
Can't find symbol 'eglSwapBuffersWithDamageEXT'.
JavaScript error: resource://gre/modules/XULStore.jsm, line 66: Error: Can't find profile directory.
JavaScript error: resource://gre/modules/XULStore.jsm, line 66: Error: Can't find profile directory.
JavaScript error: resource://gre/modules/XULStore.jsm, line 66: Error: Can't find profile directory.
console.error: SearchCache: "_readCacheFile: Error reading cache file:" (new Error("", "(unknown module)"))
console.error: SearchCache: "_readCacheFile: Error reading cache file:" (new Error("", "(unknown module)"))
console.error: SearchCache: "_readCacheFile: Error reading cache file:" (new Error("", "(unknown module)"))
1653714061447	Marionette	INFO	Listening on port 59865
1653714061639	Marionette	INFO	Listening on port 59866
1653714062005	Marionette	WARN	TLS certificate errors will be ignored for this session
1653714062026	Marionette	WARN	TLS certificate errors will be ignored for this session
May 28, 2022 10:31:02 AM org.openqa.selenium.remote.ProtocolHandshake createSession
INFO: Detected dialect: W3C
May 28, 2022 10:31:02 AM org.openqa.selenium.remote.ProtocolHandshake createSession
INFO: Detected dialect: W3C
1653714062470	Marionette	INFO	Listening on port 59864
1653714062637	Marionette	WARN	TLS certificate errors will be ignored for this session
May 28, 2022 10:31:02 AM org.openqa.selenium.remote.ProtocolHandshake createSession
INFO: Detected dialect: W3C
]]></system-err>
  </testcase>
  <testcase name="ValidateLogIn[ajit1.biswal@gmail.com, 123](2)" classname="Academy.ValidateHomePage" time="3.146">
    <failure message="Element &lt;a href=&quot;https://rahulshettyacademy.com/sign_in/&quot;&gt; is not clickable at point (1242,16) because another element &lt;div class=&quot;listbuilder-popup-content&quot;&gt; obscures it&#10;Build info: version: &apos;3.11.0&apos;, revision: &apos;e59cfb3&apos;, time: &apos;2018-03-11T20:26:55.152Z&apos;&#10;System info: host: &apos;LAPTOP-CSB2KRLH&apos;, ip: &apos;192.168.1.6&apos;, os.name: &apos;Windows 10&apos;, os.arch: &apos;amd64&apos;, os.version: &apos;10.0&apos;, java.version: &apos;1.8.0_265&apos;&#10;Driver info: org.openqa.selenium.firefox.FirefoxDriver&#10;Capabilities {acceptInsecureCerts: true, browserName: firefox, browserVersion: 81.0.2, javascriptEnabled: true, moz:accessibilityChecks: false, moz:buildID: 20201012085804, moz:geckodriverVersion: 0.26.0, moz:headless: false, moz:processID: 2788, moz:profile: C:\Users\Ajit\AppData\Local..., moz:shutdownTimeout: 60000, moz:useNonSpecCompliantPointerOrigin: false, moz:webdriverClick: true, pageLoadStrategy: normal, platform: WINDOWS, platformName: WINDOWS, platformVersion: 10.0, rotatable: false, setWindowRect: true, strictFileInteractability: false, timeouts: {implicit: 0, pageLoad: 300000, script: 30000}, unhandledPromptBehavior: dismiss and notify}&#10;Session ID: 51766302-f1ce-4631-9e1f-e9b8e1e3dd59" type="org.openqa.selenium.ElementClickInterceptedException"><![CDATA[org.openqa.selenium.ElementClickInterceptedException: 
Element <a href="https://rahulshettyacademy.com/sign_in/"> is not clickable at point (1242,16) because another element <div class="listbuilder-popup-content"> obscures it
Build info: version: '3.11.0', revision: 'e59cfb3', time: '2018-03-11T20:26:55.152Z'
System info: host: 'LAPTOP-CSB2KRLH', ip: '192.168.1.6', os.name: 'Windows 10', os.arch: 'amd64', os.version: '10.0', java.version: '1.8.0_265'
Driver info: org.openqa.selenium.firefox.FirefoxDriver
Capabilities {acceptInsecureCerts: true, browserName: firefox, browserVersion: 81.0.2, javascriptEnabled: true, moz:accessibilityChecks: false, moz:buildID: 20201012085804, moz:geckodriverVersion: 0.26.0, moz:headless: false, moz:processID: 2788, moz:profile: C:\Users\Ajit\AppData\Local..., moz:shutdownTimeout: 60000, moz:useNonSpecCompliantPointerOrigin: false, moz:webdriverClick: true, pageLoadStrategy: normal, platform: WINDOWS, platformName: WINDOWS, platformVersion: 10.0, rotatable: false, setWindowRect: true, strictFileInteractability: false, timeouts: {implicit: 0, pageLoad: 300000, script: 30000}, unhandledPromptBehavior: dismiss and notify}
Session ID: 51766302-f1ce-4631-9e1f-e9b8e1e3dd59
	at Academy.ValidateHomePage.ValidateLogIn(ValidateHomePage.java:37)
]]></failure>
    <system-err><![CDATA[1653714110486	Marionette	INFO	Stopped listening on port 60120
JavaScript error: resource://gre/modules/Sqlite.jsm, line 1031: Error: Sqlite.jsm has been shutdown. Cannot open connection to: C:\Users\Ajit\AppData\Local\Temp\rust_mozprofileW7h2CG\protections.sqlite
JavaScript error: resource://gre/modules/Sqlite.jsm, line 1031: Error: Sqlite.jsm has been shutdown. Cannot open connection to: C:\Users\Ajit\AppData\Local\Temp\rust_mozprofiley6Bp89\protections.sqlite

###!!! [Child][RunMessage] Error: Channel closing: too late to send/recv, messages will be lost


###!!! [Child][RunMessage] Error: Channel closing: too late to send/recv, messages will be lost


###!!! [Child][MessageChannel::SendAndWait] Error: Channel error: cannot send/recv


###!!! [Child][MessageChannel::SendAndWait] Error: Channel error: cannot send/recv

]]></system-err>
  </testcase>
  <testcase name="validateAppTitle" classname="Academy.ValidateTitle" time="0.066"/>
  <testcase name="validateAppTitle" classname="Academy.ValidateTitle" time="0.035">
    <system-err><![CDATA[JavaScript error: resource://gre/modules/Sqlite.jsm, line 1031: Error: Sqlite.jsm has been shutdown. Cannot open connection to: C:\Users\Ajit\AppData\Local\Temp\rust_mozprofileg6whFQ\protections.sqlite
1653714082425	Marionette	INFO	Stopped listening on port 59866
JavaScript error: resource://gre/modules/Sqlite.jsm, line 1031: Error: Sqlite.jsm has been shutdown. Cannot open connection to: C:\Users\Ajit\AppData\Local\Temp\rust_mozprofileJHKxug\protections.sqlite
1653714083441	Marionette	INFO	Stopped listening on port 59865
JavaScript error: resource://gre/modules/Sqlite.jsm, line 1031: Error: Sqlite.jsm has been shutdown. Cannot open connection to: C:\Users\Ajit\AppData\Local\Temp\rust_mozprofileDHXwQc\protections.sqlite

###!!! [Parent][RunMessage] Error: Channel error: cannot send/recv


###!!! [Parent][RunMessage] Error: Channel error: cannot send/recv


###!!! [Parent][RunMessage] Error: Channel error: cannot send/recv


###!!! [Parent][RunMessage] Error: Channel error: cannot send/recv


###!!! [Parent][RunMessage] Error: Channel error: cannot send/recv


###!!! [Parent][RunMessage] Error: Channel error: cannot send/recv


###!!! [Parent][RunMessage] Error: Channel error: cannot send/recv


###!!! [Parent][RunMessage] Error: Channel error: cannot send/recv


###!!! [Parent][RunMessage] Error: Channel error: cannot send/recv


###!!! [Child][RunMessage] Error: Channel closing: too late to send/recv, messages will be lost


###!!! [Child][MessageChannel::SendAndWait] Error: Channel error: cannot send/recv


###!!! [Child][RunMessage] Error: Channel closing: too late to send/recv, messages will be lost


###!!! [Child][MessageChannel::SendAndWait] Error: Channel error: cannot send/recv


###!!! [Child][RunMessage] Error: Channel closing: too late to send/recv, messages will be lost


###!!! [Child][MessageChannel::SendAndWait] Error: Channel error: cannot send/recv

1653714086811	mozrunner::runner	INFO	Running command: "C:\\Program Files\\Mozilla Firefox\\firefox.exe" "-marionette" "-foreground" "-no-remote" "-profile" "C:\\Users\\Ajit\\AppData\\Local\\Temp\\rust_mozprofiley6Bp89"
1653714086812	mozrunner::runner	INFO	Running command: "C:\\Program Files\\Mozilla Firefox\\firefox.exe" "-marionette" "-foreground" "-no-remote" "-profile" "C:\\Users\\Ajit\\AppData\\Local\\Temp\\rust_mozprofile6x1rF6x5u3"7
14086813	mozrunner::runner	INFO	Running command: "C:\\Program Files\\Mozilla Firefox\\firefox.exe" "-marionette" "-foreground" "-no-remote" "-profile" "C:\\Users\\Ajit\\AppData\\Local\\Temp\\rust_mozprofileW7h2CG"
Can't find symbol 'eglSwapBuffersWithDamageEXT'.
Can't find symbol 'eglSwapBuffersWithDamageEXT'.
Can't find symbol 'eglSwapBuffersWithDamageEXT'.
JavaScript error: resource://gre/modules/XULStore.jsm, line 66: Error: Can't find profile directory.
JavaScript error: resource://gre/modules/XULStore.jsm, line 66: Error: Can't find profile directory.
JavaScript error: resource://gre/modules/XULStore.jsm, line 66: Error: Can't find profile directory.
console.error: SearchCache: "_readCacheFile: Error reading cache file:" (new Error("", "(unknown module)"))
console.error: SearchCache: "_readCacheFile: Error reading cache file:" (new Error("", "(unknown module)"))
console.error: SearchCache: "_readCacheFile: Error reading cache file:" (new Error("", "(unknown module)"))
1653714091688	Marionette	INFO	Listening on port 60120
1653714091761	Marionette	WARN	TLS certificate errors will be ignored for this session
May 28, 2022 10:31:31 AM org.openqa.selenium.remote.ProtocolHandshake createSession
INFO: Detected dialect: W3C
1653714092012	Marionette	INFO	Listening on port 60121
1653714092190	Marionette	INFO	Listening on port 60119
1653714092269	Marionette	WARN	TLS certificate errors will be ignored for this session
May 28, 2022 10:31:32 AM org.openqa.selenium.remote.ProtocolHandshake createSession
INFO: Detected dialect: W3C
1653714092665	Marionette	WARN	TLS certificate errors will be ignored for this session
May 28, 2022 10:31:32 AM org.openqa.selenium.remote.ProtocolHandshake createSession
INFO: Detected dialect: W3C
]]></system-err>
  </testcase>
  <testcase name="validateHeader" classname="Academy.ValidateTitle" time="0.092"/>
  <testcase name="validateHeader" classname="Academy.ValidateTitle" time="0.016"/>
  <testcase name="basePageNavigation" classname="Academy.ValidateNavigationBar" time="0.142">
    <system-err><![CDATA[1653714082006	Marionette	INFO	Stopped listening on port 59864
]]></system-err>
  </testcase>
  <testcase name="basePageNavigation" classname="Academy.ValidateNavigationBar" time="0.058">
    <system-err><![CDATA[1653714110295	Marionette	INFO	Stopped listening on port 60121
]]></system-err>
  </testcase>
</testsuite>