<?xml version="1.0" encoding="UTF-8"?>
<testng-results total="1" passed="1" failed="0" skipped="0">
  <reporter-output>
  </reporter-output>
  <suite started-at="2020-12-25T01:29:10Z" name="Suite" finished-at="2020-12-25T01:29:22Z" duration-ms="11998">
    <groups>
      <group name="cucumber">
        <method signature="AbstractTestNGCucumberTests.feature(cucumber.api.testng.CucumberFeatureWrapper)[pri:0, instance:cucumberOptions.TestRunner@4716be8b]" name="feature" class="cucumber.api.testng.AbstractTestNGCucumberTests"/>
      </group> <!-- cucumber -->
    </groups>
    <test started-at="2020-12-25T01:29:10Z" name="Validate User Login" finished-at="2020-12-25T01:29:22Z" duration-ms="11998">
      <class name="cucumberOptions.TestRunner">
        <test-method is-config="true" signature="setUpClass()[pri:0, instance:cucumberOptions.TestRunner@4716be8b]" started-at="2020-12-25T06:59:10Z" name="setUpClass" finished-at="2020-12-25T06:59:10Z" duration-ms="346" status="PASS">
          <reporter-output>
          </reporter-output>
        </test-method> <!-- setUpClass -->
        <test-method signature="feature(cucumber.api.testng.CucumberFeatureWrapper)[pri:0, instance:cucumberOptions.TestRunner@4716be8b]" started-at="2020-12-25T06:59:10Z" name="feature" description="Runs Cucumber Feature" data-provider="features" finished-at="2020-12-25T06:59:22Z" duration-ms="11507" status="PASS">
          <params>
            <param index="0">
              <value>
                <![CDATA[Login into Application]]>
              </value>
            </param>
          </params>
          <reporter-output>
          </reporter-output>
        </test-method> <!-- feature -->
        <test-method is-config="true" signature="tearDownClass()[pri:0, instance:cucumberOptions.TestRunner@4716be8b]" started-at="2020-12-25T06:59:22Z" name="tearDownClass" finished-at="2020-12-25T06:59:22Z" duration-ms="7" status="PASS">
          <reporter-output>
          </reporter-output>
        </test-method> <!-- tearDownClass -->
      </class> <!-- cucumberOptions.TestRunner -->
    </test> <!-- Validate User Login -->
  </suite> <!-- Suite -->
</testng-results>
